Using pre-set license
Built from '2020.3/staging' branch; Version is '2020.3.3f1 (76626098c1c4) revision 7758432'; Using compiler version '192528614'; Build Type 'Release'
OS: 'Windows 10 Pro; OS build 19042.867; Version 2009; 64bit' Language: 'en' Physical Memory: 32694 MB
BatchMode: 1, IsHumanControllingUs: 0, StartBugReporterOnCrash: 0, Is64bit: 1, IsPro: 0

 COMMAND LINE ARGUMENTS:
C:\Program Files\Unity\Hub\Editor\2020.3.3f1\Editor\Unity.exe
-adb2
-batchMode
-noUpm
-name
AssetImportWorker0
-projectPath
C:/Users/ADMIN.PC-GCHUA/Desktop/HW/GameJam/GD31-Jam
-logFile
Logs/AssetImportWorker0.log
-srvPort
58576
Successfully changed project path to: C:/Users/ADMIN.PC-GCHUA/Desktop/HW/GameJam/GD31-Jam
C:/Users/ADMIN.PC-GCHUA/Desktop/HW/GameJam/GD31-Jam
Using Asset Import Pipeline V2.
Refreshing native plugins compatible for Editor in 15.57 ms, found 0 plugins.
Preloading 0 native plugins for Editor in 0.00 ms.
Initialize engine version: 2020.3.3f1 (76626098c1c4)
[Subsystems] Discovering subsystems at path C:/Program Files/Unity/Hub/Editor/2020.3.3f1/Editor/Data/Resources/UnitySubsystems
[Subsystems] Discovering subsystems at path C:/Users/ADMIN.PC-GCHUA/Desktop/HW/GameJam/GD31-Jam/Assets
GfxDevice: creating device client; threaded=0
Direct3D:
    Version:  Direct3D 11.0 [level 11.1]
    Renderer: NVIDIA GeForce GTX 1660 Ti (ID=0x2182)
    Vendor:   
    VRAM:     5991 MB
    Driver:   27.21.14.6089
Initialize mono
Mono path[0] = 'C:/Program Files/Unity/Hub/Editor/2020.3.3f1/Editor/Data/Managed'
Mono path[1] = 'C:/Program Files/Unity/Hub/Editor/2020.3.3f1/Editor/Data/MonoBleedingEdge/lib/mono/unityjit'
Mono config path = 'C:/Program Files/Unity/Hub/Editor/2020.3.3f1/Editor/Data/MonoBleedingEdge/etc'
Using monoOptions --debugger-agent=transport=dt_socket,embedding=1,server=y,suspend=n,address=127.0.0.1:56936
Begin MonoManager ReloadAssembly
Registering precompiled unity dll's ...
Register platform support module: C:/Program Files/Unity/Hub/Editor/2020.3.3f1/Editor/Data/PlaybackEngines/WindowsStandaloneSupport/UnityEditor.WindowsStandalone.Extensions.dll
Registered in 0.001300 seconds.
Native extension for WindowsStandalone target not found
Refreshing native plugins compatible for Editor in 16.23 ms, found 0 plugins.
Preloading 0 native plugins for Editor in 0.00 ms.
Invoked RoslynAnalysisRunner static constructor.
RoslynAnalysisRunner will not be running.
RoslynAnalysisRunner has terminated.
Mono: successfully reloaded assembly
- Completed reload, in  0.638 seconds
Platform modules already initialized, skipping
Registering precompiled user dll's ...
Registered in 0.000445 seconds.
Begin MonoManager ReloadAssembly
Native extension for WindowsStandalone target not found
Refreshing native plugins compatible for Editor in 0.18 ms, found 0 plugins.
Preloading 0 native plugins for Editor in 0.00 ms.
Invoked RoslynAnalysisRunner static constructor.
RoslynAnalysisRunner will not be running.
RoslynAnalysisRunner has terminated.
Mono: successfully reloaded assembly
- Completed reload, in  0.500 seconds
Platform modules already initialized, skipping
========================================================================
Worker process is ready to serve import requests
Launched and connected shader compiler UnityShaderCompiler.exe after 0.03 seconds
Refreshing native plugins compatible for Editor in 0.19 ms, found 0 plugins.
Preloading 0 native plugins for Editor in 0.00 ms.
Unloading 1115 Unused Serialized files (Serialized files now loaded: 0)
System memory in use before: 56.9 MB.
System memory in use after: 57.0 MB.

Unloading 9 unused Assets to reduce memory usage. Loaded Objects now: 1558.
Total: 1.198200 ms (FindLiveObjects: 0.080200 ms CreateObjectMapping: 0.021000 ms MarkObjects: 1.060100 ms  DeleteObjects: 0.036300 ms)

========================================================================
Received Import Request.
  path: Assets/Scenes/Geo Test.unity
  artifactKey: Guid(ad8b16562bc1ff9408faddc93518d85e) Importer(815301076,1909f56bfc062723c751e8b465ee728b)
Start importing Assets/Scenes/Geo Test.unity using Guid(ad8b16562bc1ff9408faddc93518d85e) Importer(815301076,1909f56bfc062723c751e8b465ee728b)  -> (artifact id: '504d2d0c2fb5aa33c12d1b22ca23953a') in 0.010630 seconds
  Import took 0.012071 seconds .

========================================================================
Received Import Request.
  Time since last request: 5.944727 seconds.
  path: Assets/Scenes/SampleScene.unity
  artifactKey: Guid(9fc0d4010bbf28b4594072e72b8655ab) Importer(815301076,1909f56bfc062723c751e8b465ee728b)
Start importing Assets/Scenes/SampleScene.unity using Guid(9fc0d4010bbf28b4594072e72b8655ab) Importer(815301076,1909f56bfc062723c751e8b465ee728b)  -> (artifact id: '191947ea6e25561ffb60ea537d677a1a') in 0.005106 seconds
  Import took 0.006494 seconds .

========================================================================
Received Import Request.
  Time since last request: 486.188757 seconds.
  path: Assets/Materials
  artifactKey: Guid(cdd01e62acb3bc14cbe7b61db801880b) Importer(815301076,1909f56bfc062723c751e8b465ee728b)
Start importing Assets/Materials using Guid(cdd01e62acb3bc14cbe7b61db801880b) Importer(815301076,1909f56bfc062723c751e8b465ee728b)  -> (artifact id: '36c631e78f6b61d14dc66cb4c24058b5') in 0.004788 seconds
  Import took 0.006287 seconds .

========================================================================
Received Import Request.
  Time since last request: 0.001108 seconds.
  path: Assets/Materials
  artifactKey: Guid(cdd01e62acb3bc14cbe7b61db801880b) Importer(815301076,1909f56bfc062723c751e8b465ee728b)
Start importing Assets/Materials using Guid(cdd01e62acb3bc14cbe7b61db801880b) Importer(815301076,1909f56bfc062723c751e8b465ee728b)  -> (artifact id: '36c631e78f6b61d14dc66cb4c24058b5') in 0.001220 seconds
  Import took 0.002142 seconds .

========================================================================
Received Import Request.
  Time since last request: 19.984945 seconds.
  path: Assets/Materials/Color.mat
  artifactKey: Guid(43cb1a07775d78a40b032b8da50db032) Importer(815301076,1909f56bfc062723c751e8b465ee728b)
Start importing Assets/Materials/Color.mat using Guid(43cb1a07775d78a40b032b8da50db032) Importer(815301076,1909f56bfc062723c751e8b465ee728b)  -> (artifact id: 'bc4495edd42214750425db0fd5dd7fa1') in 0.072254 seconds
  Import took 0.073730 seconds .

========================================================================
Received Prepare
Registering precompiled user dll's ...
Registered in 0.000379 seconds.
Begin MonoManager ReloadAssembly
Native extension for WindowsStandalone target not found
Refreshing native plugins compatible for Editor in 0.18 ms, found 0 plugins.
Preloading 0 native plugins for Editor in 0.00 ms.
Invoked RoslynAnalysisRunner static constructor.
RoslynAnalysisRunner will not be running.
RoslynAnalysisRunner has terminated.
Mono: successfully reloaded assembly
- Completed reload, in  0.475 seconds
Platform modules already initialized, skipping
Refreshing native plugins compatible for Editor in 0.14 ms, found 0 plugins.
Preloading 0 native plugins for Editor in 0.00 ms.
Unloading 1109 Unused Serialized files (Serialized files now loaded: 0)
System memory in use before: 60.1 MB.
System memory in use after: 60.2 MB.

Unloading 4 unused Assets to reduce memory usage. Loaded Objects now: 1601.
Total: 1.131100 ms (FindLiveObjects: 0.081000 ms CreateObjectMapping: 0.020500 ms MarkObjects: 1.019200 ms  DeleteObjects: 0.009900 ms)

